# JRE version: OpenJDK Runtime Environment (14.0.1+7) (build 14.0.1+7)
# Java VM: OpenJDK 64-Bit Server VM (14.0.1+7, mixed mode, sharing, tiered, compressed oops, g1 gc, windows-amd64)
Heap:
 garbage-first heap   total 96256K, used 72974K [0x0000000082400000, 0x0000000100000000)
  region size 1024K, 34 young (34816K), 5 survivors (5120K)
 Metaspace       used 71689K, capacity 73245K, committed 74064K, reserved 1114112K
  class space    used 9417K, capacity 10017K, committed 10240K, reserved 1048576K
GC Heap History (20 events):
Event: 74751.888 GC heap before
{Heap before GC invocations=109 (full 0):
 garbage-first heap   total 96256K, used 76578K [0x0000000082400000, 0x0000000100000000)
  region size 1024K, 38 young (38912K), 4 survivors (4096K)
 Metaspace       used 71628K, capacity 73230K, committed 74064K, reserved 1114112K
  class space    used 9413K, capacity 10014K, committed 10240K, reserved 1048576K
}
Event: 74751.891 GC heap after
{Heap after GC invocations=110 (full 0):
 garbage-first heap   total 96256K, used 42855K [0x0000000082400000, 0x0000000100000000)
  region size 1024K, 1 young (1024K), 1 survivors (1024K)
 Metaspace       used 71628K, capacity 73230K, committed 74064K, reserved 1114112K
  class space    used 9413K, capacity 10014K, committed 10240K, reserved 1048576K
}
Event: 74796.930 GC heap before
{Heap before GC invocations=110 (full 0):
 garbage-first heap   total 96256K, used 78695K [0x0000000082400000, 0x0000000100000000)
  region size 1024K, 36 young (36864K), 1 survivors (1024K)
 Metaspace       used 71628K, capacity 73230K, committed 74064K, reserved 1114112K
  class space    used 9413K, capacity 10014K, committed 10240K, reserved 1048576K
}
Event: 74796.936 GC heap after
{Heap after GC invocations=111 (full 0):
 garbage-first heap   total 96256K, used 45523K [0x0000000082400000, 0x0000000100000000)
  region size 1024K, 3 young (3072K), 3 survivors (3072K)
 Metaspace       used 71628K, capacity 73230K, committed 74064K, reserved 1114112K
  class space    used 9413K, capacity 10014K, committed 10240K, reserved 1048576K
}
Event: 76126.421 GC heap before
{Heap before GC invocations=112 (full 0):
 garbage-first heap   total 96256K, used 78291K [0x0000000082400000, 0x0000000100000000)
  region size 1024K, 36 young (36864K), 3 survivors (3072K)
 Metaspace       used 71590K, capacity 73170K, committed 74064K, reserved 1114112K
  class space    used 9408K, capacity 10004K, committed 10240K, reserved 1048576K
}
Event: 76126.471 GC heap after
{Heap after GC invocations=113 (full 0):
 garbage-first heap   total 96256K, used 46046K [0x0000000082400000, 0x0000000100000000)
  region size 1024K, 1 young (1024K), 1 survivors (1024K)
 Metaspace       used 71590K, capacity 73170K, committed 74064K, reserved 1114112K
  class space    used 9408K, capacity 10004K, committed 10240K, reserved 1048576K
}
Event: 76269.457 GC heap before
{Heap before GC invocations=113 (full 0):
 garbage-first heap   total 96256K, used 49118K [0x0000000082400000, 0x0000000100000000)
  region size 1024K, 4 young (4096K), 1 survivors (1024K)
 Metaspace       used 71590K, capacity 73170K, committed 74064K, reserved 1114112K
  class space    used 9408K, capacity 10004K, committed 10240K, reserved 1048576K
}
Event: 76269.506 GC heap after
{Heap after GC invocations=114 (full 0):
 garbage-first heap   total 96256K, used 39400K [0x0000000082400000, 0x0000000100000000)
  region size 1024K, 1 young (1024K), 1 survivors (1024K)
 Metaspace       used 71590K, capacity 73170K, committed 74064K, reserved 1114112K
  class space    used 9408K, capacity 10004K, committed 10240K, reserved 1048576K
}
Event: 76564.977 GC heap before
{Heap before GC invocations=114 (full 0):
 garbage-first heap   total 96256K, used 76264K [0x0000000082400000, 0x0000000100000000)
  region size 1024K, 38 young (38912K), 1 survivors (1024K)
 Metaspace       used 71633K, capacity 73170K, committed 74064K, reserved 1114112K
  class space    used 9408K, capacity 10004K, committed 10240K, reserved 1048576K
}
Event: 76564.986 GC heap after
{Heap after GC invocations=115 (full 0):
 garbage-first heap   total 96256K, used 41728K [0x0000000082400000, 0x0000000100000000)
  region size 1024K, 3 young (3072K), 3 survivors (3072K)
 Metaspace       used 71633K, capacity 73170K, committed 74064K, reserved 1114112K
  class space    used 9408K, capacity 10004K, committed 10240K, reserved 1048576K
}
Event: 77785.195 GC heap before
{Heap before GC invocations=116 (full 0):
 garbage-first heap   total 96256K, used 74496K [0x0000000082400000, 0x0000000100000000)
  region size 1024K, 38 young (38912K), 3 survivors (3072K)
 Metaspace       used 71630K, capacity 73164K, committed 74064K, reserved 1114112K
  class space    used 9407K, capacity 10003K, committed 10240K, reserved 1048576K
}
Event: 77785.203 GC heap after
{Heap after GC invocations=117 (full 0):
 garbage-first heap   total 96256K, used 40670K [0x0000000082400000, 0x0000000100000000)
  region size 1024K, 4 young (4096K), 4 survivors (4096K)
 Metaspace       used 71630K, capacity 73164K, committed 74064K, reserved 1114112K
  class space    used 9407K, capacity 10003K, committed 10240K, reserved 1048576K
}
Event: 78340.330 GC heap before
{Heap before GC invocations=117 (full 0):
 garbage-first heap   total 96256K, used 77534K [0x0000000082400000, 0x0000000100000000)
  region size 1024K, 41 young (41984K), 4 survivors (4096K)
 Metaspace       used 71630K, capacity 73164K, committed 74064K, reserved 1114112K
  class space    used 9407K, capacity 10003K, committed 10240K, reserved 1048576K
}
Event: 78340.334 GC heap after
{Heap after GC invocations=118 (full 0):
 garbage-first heap   total 96256K, used 42817K [0x0000000082400000, 0x0000000100000000)
  region size 1024K, 3 young (3072K), 3 survivors (3072K)
 Metaspace       used 71630K, capacity 73164K, committed 74064K, reserved 1114112K
  class space    used 9407K, capacity 10003K, committed 10240K, reserved 1048576K
}
Event: 79148.439 GC heap before
{Heap before GC invocations=119 (full 0):
 garbage-first heap   total 96256K, used 78657K [0x0000000082400000, 0x0000000100000000)
  region size 1024K, 38 young (38912K), 3 survivors (3072K)
 Metaspace       used 71680K, capacity 73242K, committed 74064K, reserved 1114112K
  class space    used 9414K, capacity 10016K, committed 10240K, reserved 1048576K
}
Event: 79148.449 GC heap after
{Heap after GC invocations=120 (full 0):
 garbage-first heap   total 96256K, used 44106K [0x0000000082400000, 0x0000000100000000)
  region size 1024K, 4 young (4096K), 4 survivors (4096K)
 Metaspace       used 71680K, capacity 73242K, committed 74064K, reserved 1114112K
  class space    used 9414K, capacity 10016K, committed 10240K, reserved 1048576K
}
Event: 80109.685 GC heap before
{Heap before GC invocations=120 (full 0):
 garbage-first heap   total 96256K, used 78922K [0x0000000082400000, 0x0000000100000000)
  region size 1024K, 38 young (38912K), 4 survivors (4096K)
 Metaspace       used 71682K, capacity 73245K, committed 74064K, reserved 1114112K
  class space    used 9415K, capacity 10017K, committed 10240K, reserved 1048576K
}
Event: 80109.690 GC heap after
{Heap after GC invocations=121 (full 0):
 garbage-first heap   total 96256K, used 45209K [0x0000000082400000, 0x0000000100000000)
  region size 1024K, 3 young (3072K), 3 survivors (3072K)
 Metaspace       used 71682K, capacity 73245K, committed 74064K, reserved 1114112K
  class space    used 9415K, capacity 10017K, committed 10240K, reserved 1048576K
}
Event: 80443.674 GC heap before
{Heap before GC invocations=122 (full 0):
 garbage-first heap   total 96256K, used 74905K [0x0000000082400000, 0x0000000100000000)
  region size 1024K, 36 young (36864K), 3 survivors (3072K)
 Metaspace       used 71682K, capacity 73245K, committed 74064K, reserved 1114112K
  class space    used 9415K, capacity 10017K, committed 10240K, reserved 1048576K
}
Event: 80443.686 GC heap after
{Heap after GC invocations=123 (full 0):
 garbage-first heap   total 96256K, used 44302K [0x0000000082400000, 0x0000000100000000)
  region size 1024K, 5 young (5120K), 5 survivors (5120K)
 Metaspace       used 71682K, capacity 73245K, committed 74064K, reserved 1114112K
  class space    used 9415K, capacity 10017K, committed 10240K, reserved 1048576K
}

